#
# There is insufficient memory for the Java Runtime Environment to continue.
# Native memory allocation (mmap) failed to map 132120576 bytes for G1 virtual space
# Possible reasons:
#   The system is out of physical RAM or swap space
#   The process is running with CompressedOops enabled, and the Java Heap may be blocking the growth of the native heap
# Possible solutions:
#   Reduce memory load on the system
#   Increase physical memory or swap space
#   Check if swap backing store is full
#   Decrease Java heap size (-Xmx/-Xms)
#   Decrease number of Java threads
#   Decrease Java thread stack sizes (-Xss)
#   Set larger code cache with -XX:ReservedCodeCacheSize=
#   JVM is running with Unscaled Compressed Oops mode in which the Java heap is
#     placed in the first 4GB address space. The Java Heap base address is the
#     maximum limit for the native heap growth. Please use -XX:HeapBaseMinAddress
#     to set the Java Heap base and to place the Java Heap above 4GB virtual address.
# This output file may be truncated or incomplete.
#
#  Out of Memory Error (os_windows.cpp:3548), pid=8932, tid=22884
#
# JRE version:  (17.0.10+11) (build )
# Java VM: Java HotSpot(TM) 64-Bit Server VM (17.0.10+11-LTS-240, mixed mode, sharing, tiered, compressed oops, compressed class ptrs, g1 gc, windows-amd64)
# No core dump will be written. Minidumps are not enabled by default on client versions of Windows
#

---------------  S U M M A R Y ------------

Command Line: C:\Users\STEVEN~1\AppData\Local\Temp\surefire11504396938819057916\surefirebooter14266097704035683515.jar C:\Users\StevenMax\AppData\Local\Temp\surefire11504396938819057916 2025-12-04T13-51-15_925-jvmRun1 surefire12050489066523778258tmp surefire_06869151001749370871tmp

Host: Intel(R) Core(TM) i5-8250U CPU @ 1.60GHz, 8 cores, 7G,  Windows 11 , 64 bit Build 22621 (10.0.22621.5415)
Time: Thu Dec  4 13:51:16 2025 Hora est. Pacífico, Sudamérica elapsed time: 0.019660 seconds (0d 0h 0m 0s)

---------------  T H R E A D  ---------------

Current thread (0x0000015c2e89bf80):  JavaThread "Unknown thread" [_thread_in_vm, id=22884, stack(0x0000000aafa00000,0x0000000aafb00000)]

Stack: [0x0000000aafa00000,0x0000000aafb00000]
Native frames: (J=compiled Java code, j=interpreted, Vv=VM code, C=native code)
V  [jvm.dll+0x677a5a]
V  [jvm.dll+0x7d8b2d]
V  [jvm.dll+0x7da48e]
V  [jvm.dll+0x7daaf3]
V  [jvm.dll+0x2455ff]
V  [jvm.dll+0x6749b9]
V  [jvm.dll+0x669382]
V  [jvm.dll+0x302e96]
V  [jvm.dll+0x30a416]
V  [jvm.dll+0x359cbe]
V  [jvm.dll+0x359eef]
V  [jvm.dll+0x2d9e88]
V  [jvm.dll+0x2dadf4]
V  [jvm.dll+0x7aa551]
V  [jvm.dll+0x367911]
V  [jvm.dll+0x789639]
V  [jvm.dll+0x3eb30f]
V  [jvm.dll+0x3ecd91]
C  [jli.dll+0x5297]
C  [ucrtbase.dll+0x29333]
C  [KERNEL32.DLL+0x1259d]
C  [ntdll.dll+0x5af78]


---------------  P R O C E S S  ---------------

Threads class SMR info:
_java_thread_list=0x00007ffcbbc96a18, length=0, elements={
}

Java Threads: ( => current thread )

Other Threads:
  0x0000015c3099f3b0 GCTaskThread "GC Thread#0" [stack: 0x0000000aafb00000,0x0000000aafc00000] [id=13148]
  0x0000015c309afd80 ConcurrentGCThread "G1 Main Marker" [stack: 0x0000000aafc00000,0x0000000aafd00000] [id=18952]
  0x0000015c309b0f30 ConcurrentGCThread "G1 Conc#0" [stack: 0x0000000aafd00000,0x0000000aafe00000] [id=17448]

[error occurred during error reporting (printing all threads), id 0xc0000005, EXCEPTION_ACCESS_VIOLATION (0xc0000005) at pc=0x00007ffcbb4caae7]

VM state: not at safepoint (not fully initialized)

VM Mutex/Monitor currently owned by a thread:  ([mutex/lock_event])
[0x0000015c30944870] Heap_lock - owner thread: 0x0000015c2e89bf80

Heap address: 0x0000000082c00000, size: 2004 MB, Compressed Oops mode: 32-bit

CDS archive(s) mapped at: [0x0000000000000000-0x0000000000000000-0x0000000000000000), size 0, SharedBaseAddress: 0x0000000800000000, ArchiveRelocationMode: 1.
Narrow klass base: 0x0000000000000000, Narrow klass shift: 0, Narrow klass range: 0x0

GC Precious Log:
<Empty>

Heap:
 garbage-first heap   total 0K, used 0K [0x0000000082c00000, 0x0000000100000000)
  region size 1024K, 0 young (0K), 0 survivors (0K)

[error occurred during error reporting (printing heap information), id 0xc0000005, EXCEPTION_ACCESS_VIOLATION (0xc0000005) at pc=0x00007ffcbb8b1249]

GC Heap History (0 events):
No events

Deoptimization events (0 events):
No events

Classes unloaded (0 events):
No events

Classes redefined (0 events):
No events

Internal exceptions (0 events):
No events

VM Operations (0 events):
No events

Events (1 events):
Event: 0.013 Loaded shared library C:\Program Files\Java\jdk-17\bin\java.dll


Dynamic libraries:
0x00007ff668440000 - 0x00007ff668450000 	C:\Program Files\Java\jdk-17\bin\java.exe
0x00007ffd7a6d0000 - 0x00007ffd7a8e8000 	C:\WINDOWS\SYSTEM32\ntdll.dll
0x00007ffd78de0000 - 0x00007ffd78ea4000 	C:\WINDOWS\System32\KERNEL32.DLL
0x00007ffd777e0000 - 0x00007ffd77bb3000 	C:\WINDOWS\System32\KERNELBASE.dll
0x00007ffd77bc0000 - 0x00007ffd77cd1000 	C:\WINDOWS\System32\ucrtbase.dll
0x00007ffd59030000 - 0x00007ffd5904b000 	C:\Program Files\Java\jdk-17\bin\VCRUNTIME140.dll
0x00007ffd54e70000 - 0x00007ffd54e89000 	C:\Program Files\Java\jdk-17\bin\jli.dll
0x00007ffd7a4f0000 - 0x00007ffd7a5a1000 	C:\WINDOWS\System32\ADVAPI32.dll
0x00007ffd78d30000 - 0x00007ffd78dd7000 	C:\WINDOWS\System32\msvcrt.dll
0x00007ffd79c80000 - 0x00007ffd79d28000 	C:\WINDOWS\System32\sechost.dll
0x00007ffd78080000 - 0x00007ffd780a8000 	C:\WINDOWS\System32\bcrypt.dll
0x00007ffd78fb0000 - 0x00007ffd790c8000 	C:\WINDOWS\System32\RPCRT4.dll
0x00007ffd78b70000 - 0x00007ffd78d22000 	C:\WINDOWS\System32\USER32.dll
0x00007ffd56c70000 - 0x00007ffd56f0c000 	C:\WINDOWS\WinSxS\amd64_microsoft.windows.common-controls_6595b64144ccf1df_6.0.22621.6060_none_2712eda17382d24b\COMCTL32.dll
0x00007ffd78130000 - 0x00007ffd78156000 	C:\WINDOWS\System32\win32u.dll
0x00007ffd78f60000 - 0x00007ffd78f89000 	C:\WINDOWS\System32\GDI32.dll
0x00007ffd77ce0000 - 0x00007ffd77dfb000 	C:\WINDOWS\System32\gdi32full.dll
0x00007ffd782d0000 - 0x00007ffd7836a000 	C:\WINDOWS\System32\msvcp_win.dll
0x00007ffd6f7b0000 - 0x00007ffd6f7ba000 	C:\WINDOWS\SYSTEM32\VERSION.dll
0x00007ffd79c40000 - 0x00007ffd79c71000 	C:\WINDOWS\System32\IMM32.DLL
0x00007ffd5c7b0000 - 0x00007ffd5c7bc000 	C:\Program Files\Java\jdk-17\bin\vcruntime140_1.dll
0x00007ffd081f0000 - 0x00007ffd0827e000 	C:\Program Files\Java\jdk-17\bin\msvcp140.dll
0x00007ffcbb1e0000 - 0x00007ffcbbdbf000 	C:\Program Files\Java\jdk-17\bin\server\jvm.dll
0x00007ffd78950000 - 0x00007ffd78958000 	C:\WINDOWS\System32\PSAPI.DLL
0x00007ffd6f3d0000 - 0x00007ffd6f3d9000 	C:\WINDOWS\SYSTEM32\WSOCK32.dll
0x00007ffd6ec60000 - 0x00007ffd6ec94000 	C:\WINDOWS\SYSTEM32\WINMM.dll
0x00007ffd7a470000 - 0x00007ffd7a4e1000 	C:\WINDOWS\System32\WS2_32.dll
0x00007ffd767f0000 - 0x00007ffd76808000 	C:\WINDOWS\SYSTEM32\kernel.appcore.dll
0x00007ffd5c330000 - 0x00007ffd5c33a000 	C:\Program Files\Java\jdk-17\bin\jimage.dll
0x00007ffd71190000 - 0x00007ffd713c3000 	C:\WINDOWS\SYSTEM32\DBGHELP.DLL
0x00007ffd783f0000 - 0x00007ffd78781000 	C:\WINDOWS\System32\combase.dll
0x00007ffd7a5b0000 - 0x00007ffd7a688000 	C:\WINDOWS\System32\OLEAUT32.dll
0x00007ffd6d060000 - 0x00007ffd6d092000 	C:\WINDOWS\SYSTEM32\dbgcore.DLL
0x00007ffd780b0000 - 0x00007ffd7812b000 	C:\WINDOWS\System32\bcryptPrimitives.dll
0x00007ffd4a380000 - 0x00007ffd4a3a5000 	C:\Program Files\Java\jdk-17\bin\java.dll

dbghelp: loaded successfully - version: 4.0.5 - missing functions: none
symbol engine: initialized successfully - sym options: 0x614 - pdb path: .;C:\Program Files\Java\jdk-17\bin;C:\WINDOWS\SYSTEM32;C:\WINDOWS\WinSxS\amd64_microsoft.windows.common-controls_6595b64144ccf1df_6.0.22621.6060_none_2712eda17382d24b;C:\Program Files\Java\jdk-17\bin\server

VM Arguments:
java_command: C:\Users\STEVEN~1\AppData\Local\Temp\surefire11504396938819057916\surefirebooter14266097704035683515.jar C:\Users\StevenMax\AppData\Local\Temp\surefire11504396938819057916 2025-12-04T13-51-15_925-jvmRun1 surefire12050489066523778258tmp surefire_06869151001749370871tmp
java_class_path (initial): C:\Users\STEVEN~1\AppData\Local\Temp\surefire11504396938819057916\surefirebooter14266097704035683515.jar
Launcher Type: SUN_STANDARD

[Global flags]
     intx CICompilerCount                          = 4                                         {product} {ergonomic}
     uint ConcGCThreads                            = 2                                         {product} {ergonomic}
     uint G1ConcRefinementThreads                  = 8                                         {product} {ergonomic}
   size_t G1HeapRegionSize                         = 1048576                                   {product} {ergonomic}
    uintx GCDrainStackTargetSize                   = 64                                        {product} {ergonomic}
   size_t InitialHeapSize                          = 132120576                                 {product} {ergonomic}
   size_t MarkStackSize                            = 4194304                                   {product} {ergonomic}
   size_t MaxHeapSize                              = 2101346304                                {product} {ergonomic}
   size_t MinHeapDeltaBytes                        = 1048576                                   {product} {ergonomic}
   size_t MinHeapSize                              = 8388608                                   {product} {ergonomic}
    uintx NonNMethodCodeHeapSize                   = 5839372                                {pd product} {ergonomic}
    uintx NonProfiledCodeHeapSize                  = 122909434                              {pd product} {ergonomic}
    uintx ProfiledCodeHeapSize                     = 122909434                              {pd product} {ergonomic}
    uintx ReservedCodeCacheSize                    = 251658240                              {pd product} {ergonomic}
     bool SegmentedCodeCache                       = true                                      {product} {ergonomic}
   size_t SoftMaxHeapSize                          = 2101346304                             {manageable} {ergonomic}
     bool UseCompressedClassPointers               = true                           {product lp64_product} {ergonomic}
     bool UseCompressedOops                        = true                           {product lp64_product} {ergonomic}
     bool UseG1GC                                  = true                                      {product} {ergonomic}
     bool UseLargePagesIndividualAllocation        = false                                  {pd product} {ergonomic}

Logging:
Log output configuration:
 #0: stdout all=warning uptime,level,tags
 #1: stderr all=off uptime,level,tags

Environment Variables:
JAVA_HOME=C:\Program Files\Java\jdk-17
PATH=C:\Program Files\Common Files\Oracle\Java\javapath;C:\Program Files (x86)\Common Files\Intel\Shared Libraries\redist\intel64\compiler;C:\Program Files\Microsoft MPI\Bin\;C:\Program Files (x86)\Intel\Intel(R) Management Engine Components\iCLS\;C:\Program Files\Intel\Intel(R) Management Engine Components\iCLS\;C:\WINDOWS\system32;C:\WINDOWS;C:\WINDOWS\System32\Wbem;C:\WINDOWS\System32\WindowsPowerShell\v1.0\;C:\WINDOWS\System32\OpenSSH\;C:\Program Files (x86)\Intel\Intel(R) Management Engine Components\DAL;C:\Program Files\Intel\Intel(R) Management Engine Components\DAL;C:\Program Files (x86)\Intel\Intel(R) Management Engine Components\IPT;C:\Program Files\Intel\Intel(R) Management Engine Components\IPT;C:\Program Files\Microsoft SQL Server\Client SDK\ODBC\110\Tools\Binn\;C:\Program Files (x86)\Microsoft SQL Server\120\Tools\Binn\;C:\Program Files\Microsoft SQL Server\120\Tools\Binn\;C:\Program Files\Microsoft SQL Server\120\DTS\Binn\;C:\Program Files (x86)\Microsoft SQL Server\130\Tools\Binn\;C:\Program Files\Microsoft SQL Server\130\Tools\Binn\;C:\Program Files (x86)\Microsoft SQL Server\130\DTS\Binn\;C:\Program Files\Microsoft SQL Server\130\DTS\Binn\;C:\Program Files\Microsoft SQL Server\Client SDK\ODBC\130\Tools\Binn\;C:\Program Files (x86)\Microsoft SQL Server\Client SDK\ODBC\130\Tools\Binn\;C:\Program Files (x86)\Microsoft SQL Server\140\Tools\Binn\;C:\Program Files (x86)\Microsoft SQL Server\140\DTS\Binn\;C:\Program Files (x86)\Microsoft SQL Server\140\Tools\Binn\ManagementStudio\;C:\Program Files\dotnet\;C:\Program Files\Git\cmd;C:\flutter\bin;C:\Program Files\apache-maven-3.9.6\bin;C:\Program Files (x86)\PICT\;C:\Users\StevenMax\AppData\Local\Programs\Python\Python312;C:\Users\StevenMax\AppData\Local\Programs\Python\Python312\Scripts;C:\Program Files\nodejs\;C:\Users\StevenMax\AppData\Local\Microsoft\WindowsApps;C:\Users\StevenMax\AppData\Local\Programs\Microsoft VS Code\bin;C:\Users\StevenMax\AppData\Local\GitHubDesktop\bin;C:\flutter\bin;C:\Program Files
USERNAME=StevenMax
OS=Windows_NT
PROCESSOR_IDENTIFIER=Intel64 Family 6 Model 142 Stepping 10, GenuineIntel



---------------  S Y S T E M  ---------------

OS:
 Windows 11 , 64 bit Build 22621 (10.0.22621.5415)
OS uptime: 5 days 8:37 hours
Hyper-V role detected

CPU: total 8 (initial active 8) (4 cores per cpu, 2 threads per core) family 6 model 142 stepping 10 microcode 0xf0, cx8, cmov, fxsr, ht, mmx, 3dnowpref, sse, sse2, sse3, ssse3, sse4.1, sse4.2, popcnt, lzcnt, tsc, tscinvbit, avx, avx2, aes, erms, clmul, bmi1, bmi2, adx, fma, vzeroupper, clflush, clflushopt, hv

Memory: 4k page, system-wide physical 8012M (144M free)
TotalPageFile size 16012M (AvailPageFile size 55M)
current process WorkingSet (physical memory assigned to process): 11M, peak: 11M
current process commit charge ("private bytes"): 60M, peak: 186M

vm_info: Java HotSpot(TM) 64-Bit Server VM (17.0.10+11-LTS-240) for windows-amd64 JRE (17.0.10+11-LTS-240), built on Dec 19 2023 21:47:25 by "mach5one" with MS VC++ 17.1 (VS2022)

END.
